<?xml version="1.0" encoding="UTF-8"?>
<!-- Generated by org.testng.reporters.JUnitReportReporter -->
<testsuite hostname="DESKTOP-CLFOQ6V" failures="0" tests="1" name="testCases.TC_002_Login" time="7.264" errors="0" timestamp="2022-09-04T23:53:00 IST" skipped="0">
  <testcase classname="testCases.TC_002_Login" name="test_Login" time="7.264"/>
  <system-out/>
</testsuite> <!-- testCases.TC_002_Login -->
