<?xml version="1.0" encoding="UTF-8"?>
<!-- Generated by org.testng.reporters.JUnitReportReporter -->
<testsuite hostname="DESKTOP-CLFOQ6V" failures="0" tests="1" name="testCases.TC_001_AccountRegistration" time="9.947" errors="0" timestamp="2022-09-04T23:53:57 IST" skipped="0">
  <testcase classname="testCases.TC_001_AccountRegistration" name="test_account_registration" time="9.947"/>
  <system-out/>
</testsuite> <!-- testCases.TC_001_AccountRegistration -->
