<?xml version="1.0" encoding="UTF-8"?>
<!-- Generated by org.testng.reporters.JUnitReportReporter -->
<testsuite skipped="0" hostname="DESKTOP-CLFOQ6V" name="testCases.TC_001_AccountRegistration" tests="1" failures="0" timestamp="2022-09-05T18:36:18 IST" time="13.716" errors="0">
  <testcase name="test_account_registration" time="13.716" classname="testCases.TC_001_AccountRegistration"/>
  <system-out/>
</testsuite> <!-- testCases.TC_001_AccountRegistration -->
