<?xml version="1.0" encoding="UTF-8"?>
<!-- Generated by org.testng.reporters.JUnitReportReporter -->
<testsuite skipped="0" hostname="DESKTOP-CLFOQ6V" name="testCases.TC_002_Login" tests="1" failures="0" timestamp="2022-09-05T18:36:18 IST" time="7.081" errors="0">
  <testcase name="test_Login" time="7.081" classname="testCases.TC_002_Login"/>
  <system-out/>
</testsuite> <!-- testCases.TC_002_Login -->
